[2023-12-03 22:30:06,509: INFO: main: Welcome to our custom log]
[2023-12-07 21:39:34,615: INFO: common: yaml file: config\config.yaml loaded successfully]
[2023-12-07 21:39:34,646: INFO: common: yaml file: params.yaml loaded successfully]
[2023-12-07 21:39:34,653: INFO: common: created directory at: artifacts]
[2023-12-07 21:39:34,658: INFO: common: created directory at: artifacts/data_ingestion]
[2023-12-07 21:39:34,663: INFO: 773878808: Downloading data from https://drive.google.com/file/d/1Cvoh9q62G3yixfxbed3PmDCylj03cD-2/view?usp=sharing into file artifacts/data_ingestion/data.zip]
[2023-12-07 21:45:26,606: INFO: 773878808: Downloaded data from https://drive.google.com/file/d/1Cvoh9q62G3yixfxbed3PmDCylj03cD-2/view?usp=sharing into file artifacts/data_ingestion/data.zip]
[2023-12-08 08:02:28,032: INFO: common: yaml file: config\config.yaml loaded successfully]
[2023-12-08 08:02:28,041: INFO: common: yaml file: params.yaml loaded successfully]
[2023-12-08 08:02:28,045: INFO: common: created directory at: artifacts]
[2023-12-08 08:02:28,048: INFO: common: created directory at: artifacts/prepare_base_model]
[2023-12-08 08:02:53,656: WARNING: saving_utils: Compiled the loaded model, but the compiled metrics have yet to be built. `model.compile_metrics` will be empty until you train or evaluate the model.]
[2023-12-08 08:14:46,719: INFO: main: Welcome to our custom log]
[2023-12-08 08:14:46,719: INFO: main: >>>>>> stage Data Ingestion stage started <<<<<<]
[2023-12-08 08:14:46,720: INFO: common: yaml file: config\config.yaml loaded successfully]
[2023-12-08 08:14:46,721: INFO: common: yaml file: params.yaml loaded successfully]
[2023-12-08 08:14:46,722: INFO: common: created directory at: artifacts]
[2023-12-08 08:14:46,723: INFO: common: created directory at: artifacts/data_ingestion]
[2023-12-08 08:14:46,723: INFO: data_ingestion: Downloading data from https://drive.google.com/file/d/1Cvoh9q62G3yixfxbed3PmDCylj03cD-2/view?usp=sharing into file artifacts/data_ingestion/data.zip]
[2023-12-08 08:17:41,916: INFO: data_ingestion: Downloaded data from https://drive.google.com/file/d/1Cvoh9q62G3yixfxbed3PmDCylj03cD-2/view?usp=sharing into file artifacts/data_ingestion/data.zip]
[2023-12-08 08:17:46,671: INFO: main: >>>>>> stage Data Ingestion stage completed <<<<<<

x==========x]
[2023-12-08 08:17:46,672: INFO: main: *******************]
[2023-12-08 08:17:46,672: INFO: main: >>>>>> stage Prepare base model started <<<<<<]
[2023-12-08 08:17:46,674: INFO: common: yaml file: config\config.yaml loaded successfully]
[2023-12-08 08:17:46,675: INFO: common: yaml file: params.yaml loaded successfully]
[2023-12-08 08:17:46,675: INFO: common: created directory at: artifacts]
[2023-12-08 08:17:46,675: INFO: common: created directory at: artifacts/prepare_base_model]
[2023-12-08 08:17:47,080: WARNING: saving_utils: Compiled the loaded model, but the compiled metrics have yet to be built. `model.compile_metrics` will be empty until you train or evaluate the model.]
[2023-12-08 08:17:47,357: INFO: main: >>>>>> stage Prepare base model completed <<<<<<

x==========x]
